<?xml version="1.0" encoding="UTF-8"?>
<!-- Generated by org.testng.reporters.JUnitReportReporter -->
<testsuite hostname="TYSS-Shobha" failures="0" tests="1" name="sample.MyTest" time="0.005" errors="0" timestamp="2023-03-09T14:39:47 IST" skipped="0">
  <testcase classname="sample.MyTest" name="t1" time="0.005"/>
  <system-out/>
</testsuite> <!-- sample.MyTest -->
